<?xml version="1.0" encoding="UTF-8"?>
<!-- Generated by org.testng.reporters.JUnitReportReporter -->
<testsuite hostname="md1ztsec" failures="0" tests="1" name="com.demoBlaze.Runner.TestRunner" time="47.489" errors="0" timestamp="2020-11-23T10:37:12 IST" skipped="0">
  <testcase classname="com.demoBlaze.Runner.TestRunner" name="feature" time="47.489"/>
  <system-out/>
</testsuite> <!-- com.demoBlaze.Runner.TestRunner -->
